
Thu Sep 01 2022 10:15:01 EDT: /usr/local/seoul/linux-centos7-piledriver/intel-18.0.5/mvapich2-2.3.1-m2no/bin/mpirun_rsh -rsh -np 24 -hostfile /tmp/mvp2run.hosts.29907  MV2_ENABLE_AFFINITY=1 MV2_SMP_USE_LIMIC2=0 MV2_SMP_USE_CMA=0 /sciclone/home20/dsmillerrunfol/.conda/envs/aml35/bin/python distributeSearch.py

PYTHONPATH: Undefined variable.
PYTHONPATH: Undefined variable.
/sciclone/home20/dsmillerrunfol/.conda/envs/aml35/lib/python3.5/site-packages/sklearn/utils/validation.py:475: DataConversionWarning: Data with input dtype int64 was converted to float64 by StandardScaler.
  warnings.warn(msg, DataConversionWarning)
/sciclone/home20/dsmillerrunfol/.conda/envs/aml35/lib/python3.5/site-packages/sklearn/utils/validation.py:475: DataConversionWarning: Data with input dtype int64 was converted to float64 by StandardScaler.
  warnings.warn(msg, DataConversionWarning)
/sciclone/home20/dsmillerrunfol/.conda/envs/aml35/lib/python3.5/site-packages/sklearn/utils/validation.py:475: DataConversionWarning: Data with input dtype int64 was converted to float64 by StandardScaler.
  warnings.warn(msg, DataConversionWarning)
/sciclone/home20/dsmillerrunfol/.conda/envs/aml35/lib/python3.5/site-packages/sklearn/utils/validation.py:475: DataConversionWarning: Data with input dtype int64 was converted to float64 by StandardScaler.
  warnings.warn(msg, DataConversionWarning)
/sciclone/home20/dsmillerrunfol/.conda/envs/aml35/lib/python3.5/site-packages/sklearn/utils/validation.py:475: DataConversionWarning: Data with input dtype int64 was converted to float64 by StandardScaler.
  warnings.warn(msg, DataConversionWarning)
/sciclone/home20/dsmillerrunfol/.conda/envs/aml35/lib/python3.5/site-packages/sklearn/utils/validation.py:475: DataConversionWarning: Data with input dtype int64 was converted to float64 by StandardScaler.
  warnings.warn(msg, DataConversionWarning)
/sciclone/home20/dsmillerrunfol/.conda/envs/aml35/lib/python3.5/site-packages/sklearn/utils/validation.py:475: DataConversionWarning: Data with input dtype int64 was converted to float64 by StandardScaler.
  warnings.warn(msg, DataConversionWarning)
/sciclone/home20/dsmillerrunfol/.conda/envs/aml35/lib/python3.5/site-packages/sklearn/utils/validation.py:475: DataConversionWarning: Data with input dtype int64 was converted to float64 by StandardScaler.
  warnings.warn(msg, DataConversionWarning)
/sciclone/home20/dsmillerrunfol/.conda/envs/aml35/lib/python3.5/site-packages/sklearn/utils/validation.py:475: DataConversionWarning: Data with input dtype int64 was converted to float64 by StandardScaler.
  warnings.warn(msg, DataConversionWarning)
/sciclone/home20/dsmillerrunfol/.conda/envs/aml35/lib/python3.5/site-packages/sklearn/utils/validation.py:475: DataConversionWarning: Data with input dtype int64 was converted to float64 by StandardScaler.
  warnings.warn(msg, DataConversionWarning)
/sciclone/home20/dsmillerrunfol/.conda/envs/aml35/lib/python3.5/site-packages/sklearn/utils/validation.py:475: DataConversionWarning: Data with input dtype int64 was converted to float64 by StandardScaler.
  warnings.warn(msg, DataConversionWarning)
/sciclone/home20/dsmillerrunfol/.conda/envs/aml35/lib/python3.5/site-packages/sklearn/utils/validation.py:475: DataConversionWarning: Data with input dtype int64 was converted to float64 by StandardScaler.
  warnings.warn(msg, DataConversionWarning)
/sciclone/home20/dsmillerrunfol/.conda/envs/aml35/lib/python3.5/site-packages/sklearn/utils/validation.py:475: DataConversionWarning: Data with input dtype int64 was converted to float64 by StandardScaler.
  warnings.warn(msg, DataConversionWarning)
/sciclone/home20/dsmillerrunfol/.conda/envs/aml35/lib/python3.5/site-packages/sklearn/utils/validation.py:475: DataConversionWarning: Data with input dtype int64 was converted to float64 by StandardScaler.
  warnings.warn(msg, DataConversionWarning)
/sciclone/home20/dsmillerrunfol/.conda/envs/aml35/lib/python3.5/site-packages/sklearn/utils/validation.py:475: DataConversionWarning: Data with input dtype int64 was converted to float64 by StandardScaler.
  warnings.warn(msg, DataConversionWarning)
/sciclone/home20/dsmillerrunfol/.conda/envs/aml35/lib/python3.5/site-packages/sklearn/utils/validation.py:475: DataConversionWarning: Data with input dtype int64 was converted to float64 by StandardScaler.
  warnings.warn(msg, DataConversionWarning)
/sciclone/home20/dsmillerrunfol/.conda/envs/aml35/lib/python3.5/site-packages/sklearn/utils/validation.py:475: DataConversionWarning: Data with input dtype int64 was converted to float64 by StandardScaler.
  warnings.warn(msg, DataConversionWarning)
/sciclone/home20/dsmillerrunfol/.conda/envs/aml35/lib/python3.5/site-packages/sklearn/utils/validation.py:475: DataConversionWarning: Data with input dtype int64 was converted to float64 by StandardScaler.
  warnings.warn(msg, DataConversionWarning)
/sciclone/home20/dsmillerrunfol/.conda/envs/aml35/lib/python3.5/site-packages/sklearn/utils/validation.py:475: DataConversionWarning: Data with input dtype int64 was converted to float64 by StandardScaler.
  warnings.warn(msg, DataConversionWarning)
/sciclone/home20/dsmillerrunfol/.conda/envs/aml35/lib/python3.5/site-packages/sklearn/utils/validation.py:475: DataConversionWarning: Data with input dtype int64 was converted to float64 by StandardScaler.
  warnings.warn(msg, DataConversionWarning)
/sciclone/home20/dsmillerrunfol/.conda/envs/aml35/lib/python3.5/site-packages/sklearn/utils/validation.py:475: DataConversionWarning: Data with input dtype int64 was converted to float64 by StandardScaler.
  warnings.warn(msg, DataConversionWarning)
/sciclone/home20/dsmillerrunfol/.conda/envs/aml35/lib/python3.5/site-packages/sklearn/utils/validation.py:475: DataConversionWarning: Data with input dtype int64 was converted to float64 by StandardScaler.
  warnings.warn(msg, DataConversionWarning)
/sciclone/home20/dsmillerrunfol/.conda/envs/aml35/lib/python3.5/site-packages/sklearn/utils/validation.py:475: DataConversionWarning: Data with input dtype int64 was converted to float64 by StandardScaler.
  warnings.warn(msg, DataConversionWarning)
/sciclone/home20/dsmillerrunfol/.conda/envs/aml35/lib/python3.5/site-packages/sklearn/utils/validation.py:475: DataConversionWarning: Data with input dtype int64 was converted to float64 by StandardScaler.
  warnings.warn(msg, DataConversionWarning)

Thu Sep 01 2022 10:15:03 EDT: execution complete; exiting with status = 0.
